<?xml version="1.0" encoding="UTF-8"?>
<!-- Generated by org.testng.reporters.JUnitReportReporter -->
<testsuite hostname="LTIN606033" failures="0" tests="12" name="testScenario.MainTest" time="10.789" errors="0" timestamp="2025-06-19T13:46:01 IST" skipped="0">
  <testcase classname="testScenario.MainTest" name="testhandleJavaScriptAlert" time="0.287"/>
  <testcase classname="testScenario.MainTest" name="testhandleJavaScriptAlert" time="0.293"/>
  <testcase classname="testScenario.MainTest" name="testFormSubmissionWithJSE" time="1.121"/>
  <testcase classname="testScenario.MainTest" name="testFormSubmissionWithJSE" time="0.878"/>
  <testcase classname="testScenario.MainTest" name="testFormSubmissionWithJSE" time="1.020"/>
  <testcase classname="testScenario.MainTest" name="testFormSubmissionWithJSE" time="1.063"/>
  <testcase classname="testScenario.MainTest" name="testFormSubmissionWithJSE" time="1.383"/>
  <testcase classname="testScenario.MainTest" name="testFormSubmissionWithJSE" time="0.848"/>
  <testcase classname="testScenario.MainTest" name="testFormSubmissionWithJSE" time="0.948"/>
  <testcase classname="testScenario.MainTest" name="testFormSubmissionWithJSE" time="0.941"/>
  <testcase classname="testScenario.MainTest" name="testFormSubmissionWithJSE" time="0.941"/>
  <testcase classname="testScenario.MainTest" name="testFormSubmissionWithJSE" time="1.066"/>
</testsuite> <!-- testScenario.MainTest -->
