<?xml version="1.0" encoding="UTF-8"?>
<!-- Generated by org.testng.reporters.JUnitReportReporter -->
<testsuite hostname="LTIN437726" failures="0" tests="1" name="BasicAuthTest" time="3.122" errors="0" timestamp="2025-07-07T11:35:40 IST" skipped="0">
  <testcase classname="BasicAuthTest" name="verifyBasicAuthAPI" time="3.122"/>
</testsuite> <!-- BasicAuthTest -->
