<?xml version="1.0" encoding="UTF-8"?>
<!-- Generated by org.testng.reporters.JUnitReportReporter -->
<testsuite hostname="LTIN437726" failures="0" tests="1" name="BookingListTest" time="3.593" errors="0" timestamp="2025-07-07T15:05:29 IST" skipped="0">
  <testcase classname="BookingListTest" name="getBookingListAndPrintJson" time="3.593"/>
</testsuite> <!-- BookingListTest -->
