<?xml version="1.0" encoding="UTF-8"?>
<!-- Generated by org.testng.reporters.JUnitReportReporter -->
<testsuite hostname="LTIN437726" failures="0" tests="1" name="tests.PrintSuccessResponseTest" time="3.258" errors="0" timestamp="2025-07-08T15:54:08 IST" skipped="0">
  <testcase classname="tests.PrintSuccessResponseTest" name="printSuccessResponseForAddProduct" time="3.258"/>
</testsuite> <!-- tests.PrintSuccessResponseTest -->
