<?xml version="1.0" encoding="UTF-8"?>
<!-- Generated by org.testng.reporters.JUnitReportReporter -->
<testsuite hostname="LTIN437726" failures="0" tests="1" name="StatusCode404Test" time="3.703" errors="0" timestamp="2025-07-07T12:20:03 IST" skipped="0">
  <testcase classname="StatusCode404Test" name="verifyStatusCode404" time="3.703"/>
</testsuite> <!-- StatusCode404Test -->
