<?xml version="1.0" encoding="UTF-8"?>
<!-- Generated by org.testng.reporters.JUnitReportReporter -->
<testsuite hostname="LTIN437726" failures="0" tests="1" name="StatusApiRequest" time="3.620" errors="0" timestamp="2025-07-07T22:17:49 IST" skipped="0">
  <testcase classname="StatusApiRequest" name="checkApiStatus" time="3.620"/>
</testsuite> <!-- StatusApiRequest -->
