<?xml version="1.0" encoding="UTF-8"?>
<!-- Generated by org.testng.reporters.JUnitReportReporter -->
<testsuite hostname="LTIN453391" failures="0" tests="8" name="runners.TestRunner_TestNG" time="264.206" errors="0" timestamp="2025-07-21T22:27:29 IST" skipped="0">
  <testcase classname="runners.TestRunner_TestNG" name="runScenario" time="30.867"/>
  <testcase classname="runners.TestRunner_TestNG" name="runScenario" time="34.363"/>
  <testcase classname="runners.TestRunner_TestNG" name="runScenario" time="20.986"/>
  <testcase classname="runners.TestRunner_TestNG" name="runScenario" time="40.295"/>
  <testcase classname="runners.TestRunner_TestNG" name="runScenario" time="53.710"/>
  <testcase classname="runners.TestRunner_TestNG" name="runScenario" time="26.565"/>
  <testcase classname="runners.TestRunner_TestNG" name="runScenario" time="35.140"/>
  <testcase classname="runners.TestRunner_TestNG" name="runScenario" time="22.280"/>
</testsuite> <!-- runners.TestRunner_TestNG -->
