<?xml version="1.0" encoding="UTF-8"?>
<!-- Generated by org.testng.reporters.JUnitReportReporter -->
<testsuite hostname="LTIN576385" failures="0" tests="2" name="testCases.TC002_NearbyDoctors" time="70.339" errors="0" timestamp="2025-07-17T10:53:47 IST" skipped="0">
  <testcase classname="testCases.TC002_NearbyDoctors" name="findDoctorsTest" time="29.125"/>
  <testcase classname="testCases.TC002_NearbyDoctors" name="findDoctorsTest" time="41.214"/>
</testsuite> <!-- testCases.TC002_NearbyDoctors -->
