<?xml version="1.0" encoding="UTF-8"?>
<!-- Generated by org.testng.reporters.JUnitReportReporter -->
<testsuite hostname="LTIN576385" failures="0" tests="2" name="testCases.TC008_TopCity_TestPageTest" time="30.993" errors="0" timestamp="2025-07-17T10:53:47 IST" skipped="0">
  <testcase classname="testCases.TC008_TopCity_TestPageTest" name="getTopCities" time="17.088"/>
  <testcase classname="testCases.TC008_TopCity_TestPageTest" name="getTopCities" time="13.905"/>
</testsuite> <!-- testCases.TC008_TopCity_TestPageTest -->
