<?xml version="1.0" encoding="UTF-8"?>
<!-- Generated by org.testng.reporters.JUnitReportReporter -->
<testsuite hostname="LTIN576385" failures="0" tests="2" name="testCases.TC005_SearchHealthArticles" time="47.572" errors="0" timestamp="2025-07-17T10:53:47 IST" skipped="0">
  <testcase classname="testCases.TC005_SearchHealthArticles" name="healthArticlesSearch" time="27.301"/>
  <testcase classname="testCases.TC005_SearchHealthArticles" name="healthArticlesSearch" time="20.271"/>
</testsuite> <!-- testCases.TC005_SearchHealthArticles -->
