<?xml version="1.0" encoding="UTF-8"?>
<!-- Generated by org.testng.reporters.JUnitReportReporter -->
<testsuite hostname="LTIN576385" failures="0" tests="2" name="testCases.TC007_CaptchaScreenshot" time="46.680" errors="0" timestamp="2025-07-17T10:53:47 IST" skipped="0">
  <testcase classname="testCases.TC007_CaptchaScreenshot" name="corporateClick" time="24.183"/>
  <testcase classname="testCases.TC007_CaptchaScreenshot" name="corporateClick" time="22.497"/>
</testsuite> <!-- testCases.TC007_CaptchaScreenshot -->
