<?xml version="1.0" encoding="UTF-8"?>
<!-- Generated by org.testng.reporters.JUnitReportReporter -->
<testsuite hostname="LTIN576385" failures="0" tests="2" name="testCases.TC003_VideoConsultancy" time="17.081" errors="0" timestamp="2025-07-17T10:53:47 IST" skipped="0">
  <testcase classname="testCases.TC003_VideoConsultancy" name="getTopCities" time="10.813"/>
  <testcase classname="testCases.TC003_VideoConsultancy" name="getTopCities" time="6.268"/>
</testsuite> <!-- testCases.TC003_VideoConsultancy -->
