<?xml version="1.0" encoding="UTF-8"?>
<!-- Generated by org.testng.reporters.JUnitReportReporter -->
<testsuite hostname="LTIN507684" failures="0" tests="2" name="com.xlreading.OrangeHRMJobTitleTest" time="23.548" errors="0" timestamp="2025-06-27T19:33:01 IST" skipped="0">
  <testcase classname="com.xlreading.OrangeHRMJobTitleTest" name="testAddJobTitle" time="13.111"/>
  <testcase classname="com.xlreading.OrangeHRMJobTitleTest" name="testAddJobTitle" time="10.437"/>
</testsuite> <!-- com.xlreading.OrangeHRMJobTitleTest -->
