<?xml version="1.0" encoding="UTF-8"?>
<!-- Generated by org.testng.reporters.JUnitReportReporter -->
<testsuite hostname="LTIN437726" failures="0" tests="1" name="StatusCode301Test" time="4.415" errors="0" timestamp="2025-07-07T12:08:57 IST" skipped="0">
  <testcase classname="StatusCode301Test" name="verifyStatusCode301" time="4.415"/>
</testsuite> <!-- StatusCode301Test -->
