<?xml version="1.0" encoding="UTF-8"?>
<!-- Generated by org.testng.reporters.JUnitReportReporter -->
<testsuite hostname="LTIN437726" failures="0" tests="1" name="JsonPlaceholderPathParamTest" time="3.068" errors="0" timestamp="2025-07-07T21:37:58 IST" skipped="0">
  <testcase classname="JsonPlaceholderPathParamTest" name="getPostById" time="3.068"/>
</testsuite> <!-- JsonPlaceholderPathParamTest -->
