<?xml version="1.0" encoding="UTF-8"?>
<!-- Generated by org.testng.reporters.JUnitReportReporter -->
<testsuite hostname="LTIN437726" failures="0" tests="1" name="tests.DeleteExistingProductTest" time="0.317" errors="0" timestamp="2025-07-08T17:58:59 IST" skipped="0">
  <testcase classname="tests.DeleteExistingProductTest" name="deleteExistingProduct" time="0.317"/>
</testsuite> <!-- tests.DeleteExistingProductTest -->
