<?xml version="1.0" encoding="UTF-8"?>
<!-- Generated by org.testng.reporters.JUnitReportReporter -->
<testsuite hostname="LTIN437726" failures="0" tests="1" name="tests.GorestUserAPITest" time="3.295" errors="0" timestamp="2025-07-08T12:14:47 IST" skipped="0">
  <testcase classname="tests.GorestUserAPITest" name="simulatePostmanEnvironmentVariableFetch" time="3.295"/>
</testsuite> <!-- tests.GorestUserAPITest -->
