<?xml version="1.0" encoding="UTF-8"?>
<!-- Generated by org.testng.reporters.JUnitReportReporter -->
<testsuite hostname="LTIN437726" failures="0" tests="1" name="tests.DeleteNonExistingProductTest" time="0.289" errors="0" timestamp="2025-07-08T18:01:54 IST" skipped="0">
  <testcase classname="tests.DeleteNonExistingProductTest" name="deleteNonExistingProduct" time="0.289"/>
</testsuite> <!-- tests.DeleteNonExistingProductTest -->
