<?xml version="1.0" encoding="UTF-8"?>
<!-- Generated by org.testng.reporters.JUnitReportReporter -->
<testsuite hostname="LTIN606033" failures="0" tests="12" name="testScenario.MainTest" time="20.988" errors="0" timestamp="2025-06-19T15:24:46 IST" skipped="0">
  <testcase classname="testScenario.MainTest" name="testhandleJavaScriptAlert" time="0.733"/>
  <testcase classname="testScenario.MainTest" name="testhandleJavaScriptAlert" time="0.629"/>
  <testcase classname="testScenario.MainTest" name="testFormSubmissionWithJSE" time="1.957"/>
  <testcase classname="testScenario.MainTest" name="testFormSubmissionWithJSE" time="1.804"/>
  <testcase classname="testScenario.MainTest" name="testFormSubmissionWithJSE" time="1.747"/>
  <testcase classname="testScenario.MainTest" name="testFormSubmissionWithJSE" time="1.960"/>
  <testcase classname="testScenario.MainTest" name="testFormSubmissionWithJSE" time="2.117"/>
  <testcase classname="testScenario.MainTest" name="testFormSubmissionWithJSE" time="1.906"/>
  <testcase classname="testScenario.MainTest" name="testFormSubmissionWithJSE" time="2.282"/>
  <testcase classname="testScenario.MainTest" name="testFormSubmissionWithJSE" time="1.996"/>
  <testcase classname="testScenario.MainTest" name="testFormSubmissionWithJSE" time="1.969"/>
  <testcase classname="testScenario.MainTest" name="testFormSubmissionWithJSE" time="1.888"/>
</testsuite> <!-- testScenario.MainTest -->
