<?xml version="1.0" encoding="UTF-8"?>
<!-- Generated by org.testng.reporters.JUnitReportReporter -->
<testsuite hostname="LTIN542172" failures="0" tests="6" name="com.test.EBayTest.mainNG" time="44.188" errors="0" timestamp="2025-07-07T11:33:49 IST" skipped="0">
  <testcase classname="com.test.EBayTest.mainNG" name="testHomepage" time="1.312"/>
  <testcase classname="com.test.EBayTest.mainNG" name="testHomepage" time="1.987"/>
  <testcase classname="com.test.EBayTest.mainNG" name="testfilterPage" time="7.024"/>
  <testcase classname="com.test.EBayTest.mainNG" name="testfilterPage" time="5.016"/>
  <testcase classname="com.test.EBayTest.mainNG" name="testfinalPage" time="15.913"/>
  <testcase classname="com.test.EBayTest.mainNG" name="testfinalPage" time="12.936"/>
</testsuite> <!-- com.test.EBayTest.mainNG -->
