<?xml version="1.0" encoding="UTF-8"?>
<!-- Generated by org.testng.reporters.JUnitReportReporter -->
<testsuite hostname="LTIN542172" failures="0" tests="6" name="com.test.EBayTest.EBay_TestCase" time="39.139" errors="0" timestamp="2025-07-08T15:55:52 IST" skipped="0">
  <testcase classname="com.test.EBayTest.EBay_TestCase" name="testHomepage" time="1.747"/>
  <testcase classname="com.test.EBayTest.EBay_TestCase" name="testHomepage" time="1.674"/>
  <testcase classname="com.test.EBayTest.EBay_TestCase" name="testfilterPage" time="6.731"/>
  <testcase classname="com.test.EBayTest.EBay_TestCase" name="testfilterPage" time="7.639"/>
  <testcase classname="com.test.EBayTest.EBay_TestCase" name="testfinalPage" time="9.731"/>
  <testcase classname="com.test.EBayTest.EBay_TestCase" name="testfinalPage" time="11.617"/>
</testsuite> <!-- com.test.EBayTest.EBay_TestCase -->
