<?xml version="1.0" encoding="UTF-8"?>
<!-- Generated by org.testng.reporters.JUnitReportReporter -->
<testsuite hostname="LTIN541610" failures="0" tests="2" name="com.selenium.mainTest.TestMain" time="29.801" errors="0" timestamp="2025-06-23T15:09:06 IST" skipped="0">
  <testcase classname="com.selenium.mainTest.TestMain" name="radiff" time="15.231"/>
  <testcase classname="com.selenium.mainTest.TestMain" name="radiff" time="14.570"/>
</testsuite> <!-- com.selenium.mainTest.TestMain -->
