<?xml version="1.0" encoding="UTF-8"?>
<!-- Generated by org.testng.reporters.JUnitReportReporter -->
<testsuite hostname="LTIN508136" failures="0" tests="2" name="com.selenium.tests.TestMain" time="141.260" errors="0" timestamp="2025-06-23T15:29:49 IST" skipped="0">
  <testcase classname="com.selenium.tests.TestMain" name="test_search_functionality" time="77.211"/>
  <testcase classname="com.selenium.tests.TestMain" name="test_search_functionality" time="64.049"/>
</testsuite> <!-- com.selenium.tests.TestMain -->
