<?xml version="1.0" encoding="UTF-8"?>
<!-- Generated by org.testng.reporters.JUnitReportReporter -->
<testsuite hostname="LTIN607229" failures="0" tests="1" name="com.TestScenario.TestMain" time="12.444" errors="0" timestamp="2025-07-01T11:45:17 IST" skipped="0">
  <testcase classname="com.TestScenario.TestMain" name="testFlightSearch" time="12.444"/>
</testsuite> <!-- com.TestScenario.TestMain -->
