<?xml version="1.0" encoding="UTF-8"?>
<!-- Generated by org.testng.reporters.JUnitReportReporter -->
<testsuite hostname="LTIN542685" failures="0" tests="12" name="testScenario.MainTest" time="11.996" errors="0" timestamp="2025-07-04T15:08:04 IST" skipped="0">
  <testcase classname="testScenario.MainTest" name="testhandleJavaScriptAlert" time="0.283"/>
  <testcase classname="testScenario.MainTest" name="testhandleJavaScriptAlert" time="0.382"/>
  <testcase classname="testScenario.MainTest" name="testFormSubmissionWithJSE" time="1.105"/>
  <testcase classname="testScenario.MainTest" name="testFormSubmissionWithJSE" time="1.155"/>
  <testcase classname="testScenario.MainTest" name="testFormSubmissionWithJSE" time="1.067"/>
  <testcase classname="testScenario.MainTest" name="testFormSubmissionWithJSE" time="1.121"/>
  <testcase classname="testScenario.MainTest" name="testFormSubmissionWithJSE" time="1.173"/>
  <testcase classname="testScenario.MainTest" name="testFormSubmissionWithJSE" time="1.039"/>
  <testcase classname="testScenario.MainTest" name="testFormSubmissionWithJSE" time="1.038"/>
  <testcase classname="testScenario.MainTest" name="testFormSubmissionWithJSE" time="1.517"/>
  <testcase classname="testScenario.MainTest" name="testFormSubmissionWithJSE" time="1.089"/>
  <testcase classname="testScenario.MainTest" name="testFormSubmissionWithJSE" time="1.027"/>
</testsuite> <!-- testScenario.MainTest -->
