<?xml version="1.0" encoding="UTF-8"?>
<!-- Generated by org.testng.reporters.JUnitReportReporter -->
<testsuite hostname="LTIN437726" failures="0" tests="1" name="JsonPlaceholderBaseURITest" time="18.179" errors="0" timestamp="2025-07-07T21:47:34 IST" skipped="0">
  <testcase classname="JsonPlaceholderBaseURITest" name="getPostByIdUsingBaseURI" time="18.179"/>
</testsuite> <!-- JsonPlaceholderBaseURITest -->
