<?xml version="1.0" encoding="UTF-8"?>
<!-- Generated by org.testng.reporters.JUnitReportReporter -->
<testsuite hostname="LTIN437726" failures="0" tests="1" name="StatusCode500Test" time="3.581" errors="0" timestamp="2025-07-07T14:28:17 IST" skipped="0">
  <testcase classname="StatusCode500Test" name="verifyStatusCode500" time="3.581"/>
</testsuite> <!-- StatusCode500Test -->
