<?xml version="1.0" encoding="UTF-8"?>
<!-- Generated by org.testng.reporters.JUnitReportReporter -->
<testsuite hostname="LTIN437726" failures="0" tests="1" name="ReqresDoubleQueryParamTest" time="3.417" errors="0" timestamp="2025-07-07T21:34:10 IST" skipped="0">
  <testcase classname="ReqresDoubleQueryParamTest" name="getUserFromPage2WithId5" time="3.417"/>
</testsuite> <!-- ReqresDoubleQueryParamTest -->
