<?xml version="1.0" encoding="UTF-8"?>
<!-- Generated by org.testng.reporters.JUnitReportReporter -->
<testsuite hostname="LTIN437726" failures="0" tests="1" name="ReqresQueryParamTest" time="2.357" errors="0" timestamp="2025-07-07T17:57:51 IST" skipped="0">
  <testcase classname="ReqresQueryParamTest" name="getUsersWithQueryParam" time="2.357"/>
</testsuite> <!-- ReqresQueryParamTest -->
