<?xml version="1.0" encoding="UTF-8"?>
<!-- Generated by org.testng.reporters.JUnitReportReporter -->
<testsuite hostname="LTIN437726" failures="0" tests="1" name="StatusCodeTest" time="4.169" errors="0" timestamp="2025-07-07T11:55:05 IST" skipped="0">
  <testcase classname="StatusCodeTest" name="verifyStatusCode200" time="4.169"/>
</testsuite> <!-- StatusCodeTest -->
