<?xml version="1.0" encoding="UTF-8"?>
<!-- Generated by org.testng.reporters.JUnitReportReporter -->
<testsuite hostname="LTIN437726" failures="0" tests="1" name="tests.AddProductTest" time="1.872" errors="0" timestamp="2025-07-08T15:40:37 IST" skipped="0">
  <testcase classname="tests.AddProductTest" name="verifyAddProductStatusCode" time="1.872"/>
</testsuite> <!-- tests.AddProductTest -->
