<?xml version="1.0" encoding="UTF-8"?>
<!-- Generated by org.testng.reporters.JUnitReportReporter -->
<testsuite hostname="LTIN437726" failures="0" tests="1" name="UserApiCollection" time="2.608" errors="0" timestamp="2025-07-07T22:12:34 IST" skipped="0">
  <testcase classname="UserApiCollection" name="getUserDetails" time="2.608"/>
</testsuite> <!-- UserApiCollection -->
