<?xml version="1.0" encoding="UTF-8"?>
<!-- Generated by org.testng.reporters.JUnitReportReporter -->
<testsuite hostname="LTIN472990" failures="0" tests="6" name="testMain.Rediff_Main_Test" time="56.641" errors="0" timestamp="2025-06-30T15:24:25 IST" skipped="0">
  <testcase classname="testMain.Rediff_Main_Test" name="rediffMainTest" time="12.530"/>
  <testcase classname="testMain.Rediff_Main_Test" name="rediffMainTest" time="11.421"/>
  <testcase classname="testMain.Rediff_Main_Test" name="rediffMainTest" time="9.795"/>
  <testcase classname="testMain.Rediff_Main_Test" name="rediffMainTest" time="7.236"/>
  <testcase classname="testMain.Rediff_Main_Test" name="rediffMainTest" time="7.359"/>
  <testcase classname="testMain.Rediff_Main_Test" name="rediffMainTest" time="8.300"/>
</testsuite> <!-- testMain.Rediff_Main_Test -->
