<?xml version="1.0" encoding="UTF-8"?>
<!-- Generated by org.testng.reporters.JUnitReportReporter -->
<testsuite hostname="LTIN507848" failures="0" tests="3" name="com.test.testCases.Main" time="3.353" errors="0" timestamp="2025-06-27T15:39:20 IST" skipped="0">
  <testcase classname="com.test.testCases.Main" name="rediffHomePage" time="2.861"/>
  <testcase classname="com.test.testCases.Main" name="createAccountPage" time="0.298"/>
  <testcase classname="com.test.testCases.Main" name="termAndConditionsPage" time="0.194"/>
</testsuite> <!-- com.test.testCases.Main -->
