<?xml version="1.0" encoding="UTF-8"?>
<!-- Generated by org.testng.reporters.JUnitReportReporter -->
<testsuite hostname="LTIN436702" failures="0" tests="1" name="validate500StatusCodeAssured.StatusCodeTest" time="3.343" errors="0" timestamp="2025-07-07T09:09:21 IST" skipped="0">
  <testcase classname="validate500StatusCodeAssured.StatusCodeTest" name="varifyStatusCode500" time="3.343"/>
  <system-out/>
</testsuite> <!-- validate500StatusCodeAssured.StatusCodeTest -->
