<?xml version="1.0" encoding="UTF-8"?>
<!-- Generated by org.testng.reporters.JUnitReportReporter -->
<testsuite hostname="LTIN436702" failures="0" tests="1" name="validate404StatusCodeAssured.StatusCodeTest" time="3.370" errors="0" timestamp="2025-07-07T09:09:07 IST" skipped="0">
  <testcase classname="validate404StatusCodeAssured.StatusCodeTest" name="varifyStatusCode404" time="3.370"/>
  <system-out/>
</testsuite> <!-- validate404StatusCodeAssured.StatusCodeTest -->
