<?xml version="1.0" encoding="UTF-8"?>
<!-- Generated by org.testng.reporters.JUnitReportReporter -->
<testsuite hostname="LTIN436702" failures="0" tests="1" name="getBaseUriResponseRestAssured.BaseUriTest" time="3.498" errors="0" timestamp="2025-07-07T09:07:09 IST" skipped="0">
  <testcase classname="getBaseUriResponseRestAssured.BaseUriTest" name="getPostByIdUsingBaseUri" time="3.498"/>
  <system-out/>
</testsuite> <!-- getBaseUriResponseRestAssured.BaseUriTest -->
