<?xml version="1.0" encoding="UTF-8"?>
<!-- Generated by org.testng.reporters.JUnitReportReporter -->
<testsuite hostname="LTIN436702" failures="0" tests="1" name="getPathParameterRestAssuredResponse.PathParamTest" time="2.830" errors="0" timestamp="2025-07-07T09:07:59 IST" skipped="0">
  <testcase classname="getPathParameterRestAssuredResponse.PathParamTest" name="getPostById" time="2.830"/>
  <system-out/>
</testsuite> <!-- getPathParameterRestAssuredResponse.PathParamTest -->
