<?xml version="1.0" encoding="UTF-8"?>
<!-- Generated by org.testng.reporters.JUnitReportReporter -->
<testsuite hostname="LTIN436702" failures="0" tests="1" name="chapter4.GetIDgivenApiPostman" time="2.836" errors="0" timestamp="2025-07-07T14:42:25 IST" skipped="0">
  <testcase classname="chapter4.GetIDgivenApiPostman" name="createPostAndValidateResponse" time="2.836"/>
  <system-out/>
</testsuite> <!-- chapter4.GetIDgivenApiPostman -->
