<?xml version="1.0" encoding="UTF-8"?>
<!-- Generated by org.testng.reporters.JUnitReportReporter -->
<testsuite hostname="LTIN436702" failures="0" tests="1" name="chapter4.SendingFirstApiRequest" time="2.244" errors="0" timestamp="2025-07-07T11:53:52 IST" skipped="0">
  <testcase classname="chapter4.SendingFirstApiRequest" name="sendFirstApiRequestVerify" time="2.244"/>
  <system-out/>
</testsuite> <!-- chapter4.SendingFirstApiRequest -->
