<?xml version="1.0" encoding="UTF-8"?>
<!-- Generated by org.testng.reporters.JUnitReportReporter -->
<testsuite hostname="LTIN588794" failures="0" tests="1" name="com.rest.assured.verify" time="0.738" errors="0" timestamp="2025-07-04T15:15:24 IST" skipped="0">
  <testcase classname="com.rest.assured.verify" name="printResponseDetails" time="0.738"/>
</testsuite> <!-- com.rest.assured.verify -->
