<?xml version="1.0" encoding="UTF-8"?>
<!-- Generated by org.testng.reporters.JUnitReportReporter -->
<testsuite hostname="LTIN578638" failures="0" tests="2" name="main.ProductListAutomation.PepperfryMainTest" time="30.909" errors="0" timestamp="2025-06-25T09:31:39 IST" skipped="0">
  <testcase classname="main.ProductListAutomation.PepperfryMainTest" name="testPepperfryWorkflow" time="14.988"/>
  <testcase classname="main.ProductListAutomation.PepperfryMainTest" name="testPepperfryWorkflow" time="15.921"/>
</testsuite> <!-- main.ProductListAutomation.PepperfryMainTest -->
