<?xml version="1.0" encoding="UTF-8"?>
<!-- Generated by org.testng.reporters.JUnitReportReporter -->
<testsuite hostname="LTIN540397" failures="0" tests="6" name="testRepository.TestMain" time="19.479" errors="0" timestamp="2025-06-23T09:12:44 IST" skipped="0">
  <testcase classname="testRepository.TestMain" name="loginTest" time="1.585"/>
  <testcase classname="testRepository.TestMain" name="loginTest" time="1.671"/>
  <testcase classname="testRepository.TestMain" name="searchValidationTest" time="5.763"/>
  <testcase classname="testRepository.TestMain" name="searchValidationTest" time="5.993"/>
  <testcase classname="testRepository.TestMain" name="invalidSignupTest" time="2.158"/>
  <testcase classname="testRepository.TestMain" name="invalidSignupTest" time="2.309"/>
</testsuite> <!-- testRepository.TestMain -->
