<?xml version="1.0" encoding="UTF-8"?>
<!-- Generated by org.testng.reporters.JUnitReportReporter -->
<testsuite hostname="LTIN606481" failures="0" tests="14" name="Mini_Project_DeletingSkillSet.DeletingSkillSet" time="183.775" errors="0" timestamp="2025-06-18T11:38:24 IST" skipped="0">
  <testcase classname="Mini_Project_DeletingSkillSet.DeletingSkillSet" name="loginToWebsite" time="0.863"/>
  <testcase classname="Mini_Project_DeletingSkillSet.DeletingSkillSet" name="loginToWebsite" time="1.503"/>
  <testcase classname="Mini_Project_DeletingSkillSet.DeletingSkillSet" name="jobCategoriesOperation" time="18.778"/>
  <testcase classname="Mini_Project_DeletingSkillSet.DeletingSkillSet" name="jobCategoriesOperation" time="9.170"/>
  <testcase classname="Mini_Project_DeletingSkillSet.DeletingSkillSet" name="jobCategoriesOperation" time="15.099"/>
  <testcase classname="Mini_Project_DeletingSkillSet.DeletingSkillSet" name="jobCategoriesOperation" time="15.216"/>
  <testcase classname="Mini_Project_DeletingSkillSet.DeletingSkillSet" name="organizationLocationOperation" time="15.151"/>
  <testcase classname="Mini_Project_DeletingSkillSet.DeletingSkillSet" name="organizationLocationOperation" time="14.749"/>
  <testcase classname="Mini_Project_DeletingSkillSet.DeletingSkillSet" name="organizationLocationOperation" time="15.751"/>
  <testcase classname="Mini_Project_DeletingSkillSet.DeletingSkillSet" name="organizationLocationOperation" time="15.392"/>
  <testcase classname="Mini_Project_DeletingSkillSet.DeletingSkillSet" name="qualificationSkillsOperation" time="14.563"/>
  <testcase classname="Mini_Project_DeletingSkillSet.DeletingSkillSet" name="qualificationSkillsOperation" time="15.064"/>
  <testcase classname="Mini_Project_DeletingSkillSet.DeletingSkillSet" name="qualificationSkillsOperation" time="16.067"/>
  <testcase classname="Mini_Project_DeletingSkillSet.DeletingSkillSet" name="qualificationSkillsOperation" time="16.409"/>
</testsuite> <!-- Mini_Project_DeletingSkillSet.DeletingSkillSet -->
