<?xml version="1.0" encoding="UTF-8"?>
<!-- Generated by org.testng.reporters.JUnitReportReporter -->
<testsuite hostname="LTIN605882" failures="0" tests="6" name="com.selenium.tests.TestMain" time="3.566" errors="0" timestamp="2025-06-18T16:54:51 IST" skipped="0">
  <testcase classname="com.selenium.tests.TestMain" name="testEmptySignIn" time="0.104"/>
  <testcase classname="com.selenium.tests.TestMain" name="testEmptySignIn" time="0.089"/>
  <testcase classname="com.selenium.tests.TestMain" name="testEmptyForgotPasswordFields" time="1.204"/>
  <testcase classname="com.selenium.tests.TestMain" name="testEmptyForgotPasswordFields" time="1.233"/>
  <testcase classname="com.selenium.tests.TestMain" name="testPrivacyPolicyTab" time="0.476"/>
  <testcase classname="com.selenium.tests.TestMain" name="testPrivacyPolicyTab" time="0.460"/>
</testsuite> <!-- com.selenium.tests.TestMain -->
