<?xml version="1.0" encoding="UTF-8"?>
<!-- Generated by org.testng.reporters.JUnitReportReporter -->
<testsuite hostname="DESKTOP-14GEP46" failures="0" tests="1" name="testCases.TC002_FreeListing" time="3.206" errors="0" timestamp="2025-07-14T16:54:41 IST" skipped="0">
  <testcase classname="testCases.TC002_FreeListing" name="freeListing" time="3.206"/>
</testsuite> <!-- testCases.TC002_FreeListing -->
