<?xml version="1.0" encoding="UTF-8"?>
<!-- Generated by org.testng.reporters.JUnitReportReporter -->
<testsuite hostname="DESKTOP-14GEP46" failures="0" tests="5" name="testCases.TC006_CategorySearchResults" time="9.437" errors="0" timestamp="2025-07-14T16:54:41 IST" skipped="0">
  <testcase classname="testCases.TC006_CategorySearchResults" name="categorySearchResults" time="6.633"/>
  <testcase classname="testCases.TC006_CategorySearchResults" name="categorySearchResults" time="0.708"/>
  <testcase classname="testCases.TC006_CategorySearchResults" name="categorySearchResults" time="0.731"/>
  <testcase classname="testCases.TC006_CategorySearchResults" name="categorySearchResults" time="0.696"/>
  <testcase classname="testCases.TC006_CategorySearchResults" name="categorySearchResults" time="0.669"/>
</testsuite> <!-- testCases.TC006_CategorySearchResults -->
