<?xml version="1.0" encoding="UTF-8"?>
<!-- Generated by org.testng.reporters.JUnitReportReporter -->
<testsuite hostname="LTIN606033" failures="0" tests="1" name="testCases.tc7" time="10.891" errors="0" timestamp="2025-07-09T11:01:48 IST" skipped="0">
  <testcase classname="testCases.tc7" name="ExploreAreasSection" time="10.891"/>
</testsuite> <!-- testCases.tc7 -->
