<?xml version="1.0" encoding="UTF-8"?>
<!-- Generated by org.testng.reporters.JUnitReportReporter -->
<testsuite hostname="LTIN606033" failures="0" tests="2" name="testCases.TC007_SearchByNames" time="16.991" errors="0" timestamp="2025-07-09T09:10:08 IST" skipped="0">
  <testcase classname="testCases.TC007_SearchByNames" name="searchByNames" time="8.188"/>
  <testcase classname="testCases.TC007_SearchByNames" name="searchByNames" time="8.803"/>
</testsuite> <!-- testCases.TC007_SearchByNames -->
