<?xml version="1.0" encoding="UTF-8"?>
<!-- Generated by org.testng.reporters.JUnitReportReporter -->
<testsuite hostname="DESKTOP-14GEP46" failures="0" tests="1" name="testCases.TC010_MobileRecharge" time="12.576" errors="0" timestamp="2025-07-14T16:54:41 IST" skipped="0">
  <testcase classname="testCases.TC010_MobileRecharge" name="MobileRecharge" time="12.576"/>
</testsuite> <!-- testCases.TC010_MobileRecharge -->
