<?xml version="1.0" encoding="UTF-8"?>
<!-- Generated by org.testng.reporters.JUnitReportReporter -->
<testsuite hostname="DESKTOP-14GEP46" failures="0" tests="1" name="testCases.TC009_MovieBookingDetails" time="10.566" errors="0" timestamp="2025-07-14T16:54:41 IST" skipped="0">
  <testcase classname="testCases.TC009_MovieBookingDetails" name="MovieBookingDetails" time="10.566"/>
</testsuite> <!-- testCases.TC009_MovieBookingDetails -->
