<?xml version="1.0" encoding="UTF-8"?>
<!-- Generated by org.testng.reporters.JUnitReportReporter -->
<testsuite hostname="LTIN606462" failures="0" tests="6" name="testRepository.TestMain" time="104.593" errors="0" timestamp="2025-07-04T11:04:56 IST" skipped="0">
  <testcase classname="testRepository.TestMain" name="loginTest" time="42.458"/>
  <testcase classname="testRepository.TestMain" name="loginTest" time="38.865"/>
  <testcase classname="testRepository.TestMain" name="searchValidationTest" time="8.041"/>
  <testcase classname="testRepository.TestMain" name="searchValidationTest" time="7.982"/>
  <testcase classname="testRepository.TestMain" name="invalidSignupTest" time="3.386"/>
  <testcase classname="testRepository.TestMain" name="invalidSignupTest" time="3.861"/>
</testsuite> <!-- testRepository.TestMain -->
