<?xml version="1.0" encoding="UTF-8"?>
<!-- Generated by org.testng.reporters.JUnitReportReporter -->
<testsuite hostname="LTIN607614" failures="0" tests="2" name="com.xlreading.OrangeHRMJobTitleTest" time="21.687" errors="0" timestamp="2025-07-04T10:06:16 IST" skipped="0">
  <testcase classname="com.xlreading.OrangeHRMJobTitleTest" name="testAddJobTitle" time="10.792"/>
  <testcase classname="com.xlreading.OrangeHRMJobTitleTest" name="testAddJobTitle" time="10.895"/>
</testsuite> <!-- com.xlreading.OrangeHRMJobTitleTest -->
