<?xml version="1.0" encoding="UTF-8"?>
<!-- Generated by org.testng.reporters.JUnitReportReporter -->
<testsuite hostname="LTIN550830" failures="0" tests="6" name="com.selenium.tests.TestMain" time="9.152" errors="0" timestamp="2025-07-07T00:16:24 IST" skipped="0">
  <testcase classname="com.selenium.tests.TestMain" name="testEmptySignIn" time="0.108"/>
  <testcase classname="com.selenium.tests.TestMain" name="testEmptySignIn" time="0.099"/>
  <testcase classname="com.selenium.tests.TestMain" name="testEmptyForgotPasswordFields" time="2.833"/>
  <testcase classname="com.selenium.tests.TestMain" name="testEmptyForgotPasswordFields" time="1.079"/>
  <testcase classname="com.selenium.tests.TestMain" name="testPrivacyPolicyTab" time="2.342"/>
  <testcase classname="com.selenium.tests.TestMain" name="testPrivacyPolicyTab" time="2.691"/>
</testsuite> <!-- com.selenium.tests.TestMain -->
