<?xml version="1.0" encoding="UTF-8"?>
<!-- Generated by org.testng.reporters.JUnitReportReporter -->
<testsuite hostname="LTIN557228" failures="0" tests="2" name="com.facebook.tests.FacebookSignup_Test" time="9.437" errors="0" timestamp="2025-07-01T16:16:49 IST" skipped="0">
  <testcase classname="com.facebook.tests.FacebookSignup_Test" name="testFacebookSignup" time="3.575"/>
  <testcase classname="com.facebook.tests.FacebookSignup_Test" name="testFacebookSignup" time="5.862"/>
</testsuite> <!-- com.facebook.tests.FacebookSignup_Test -->
