<?xml version="1.0" encoding="UTF-8"?>
<!-- Generated by org.testng.reporters.JUnitReportReporter -->
<testsuite hostname="LTIN606687" failures="0" tests="2" name="testScenario.FlipKartTest" time="72.714" errors="0" timestamp="2025-06-20T17:25:48 IST" skipped="0">
  <testcase classname="testScenario.FlipKartTest" name="flipkartCartValidationTest" time="31.859"/>
  <testcase classname="testScenario.FlipKartTest" name="flipkartCartValidationTest" time="40.855"/>
</testsuite> <!-- testScenario.FlipKartTest -->
