<?xml version="1.0" encoding="UTF-8"?>
<!-- Generated by org.testng.reporters.JUnitReportReporter -->
<testsuite hostname="LTIN607270" failures="0" tests="2" name="com.TestScenario.TestMain" time="14.362" errors="0" timestamp="2025-06-20T20:08:05 IST" skipped="0">
  <testcase classname="com.TestScenario.TestMain" name="testFlightSearch" time="6.775"/>
  <testcase classname="com.TestScenario.TestMain" name="testFlightSearch" time="7.587"/>
</testsuite> <!-- com.TestScenario.TestMain -->
