<?xml version="1.0" encoding="UTF-8"?>
<!-- Generated by org.testng.reporters.JUnitReportReporter -->
<testsuite hostname="LTIN588794" failures="0" tests="1" name="com.rest.assured.Code_1_Response_Code" time="2.560" errors="0" timestamp="2025-07-03T14:54:57 IST" skipped="0">
  <testcase classname="com.rest.assured.Code_1_Response_Code" name="testGetCurrentPrice" time="2.560"/>
</testsuite> <!-- com.rest.assured.Code_1_Response_Code -->
