<?xml version="1.0" encoding="UTF-8"?>
<!-- Generated by org.testng.reporters.JUnitReportReporter -->
<testsuite hostname="LTIN605890" failures="0" tests="6" name="com.test.testCases.EmpTest" time="51.100" errors="0" timestamp="2025-06-24T21:47:16 IST" skipped="0">
  <testcase classname="com.test.testCases.EmpTest" name="testAddEmployee" time="14.421"/>
  <testcase classname="com.test.testCases.EmpTest" name="testAddEmployee" time="19.188"/>
  <testcase classname="com.test.testCases.EmpTest" name="testEditEmployeeDetails" time="6.257"/>
  <testcase classname="com.test.testCases.EmpTest" name="testEditEmployeeDetails" time="8.600"/>
  <testcase classname="com.test.testCases.EmpTest" name="testLogout" time="1.552"/>
  <testcase classname="com.test.testCases.EmpTest" name="testLogout" time="1.082"/>
</testsuite> <!-- com.test.testCases.EmpTest -->
