<?xml version="1.0" encoding="UTF-8"?>
<!-- Generated by org.testng.reporters.JUnitReportReporter -->
<testsuite hostname="LTIN496454" failures="0" tests="6" name="com.testing.scenario.TestNGMain" time="8.715" errors="0" timestamp="2025-07-04T10:52:09 IST" skipped="0">
  <testcase classname="com.testing.scenario.TestNGMain" name="navigatingToHomePage" time="3.576"/>
  <testcase classname="com.testing.scenario.TestNGMain" name="navigatingToHomePage" time="3.581"/>
  <testcase classname="com.testing.scenario.TestNGMain" name="projectList" time="0.276"/>
  <testcase classname="com.testing.scenario.TestNGMain" name="projectList" time="0.293"/>
  <testcase classname="com.testing.scenario.TestNGMain" name="navigatingToEnquiry" time="0.465"/>
  <testcase classname="com.testing.scenario.TestNGMain" name="navigatingToEnquiry" time="0.524"/>
</testsuite> <!-- com.testing.scenario.TestNGMain -->
