<?xml version="1.0" encoding="UTF-8"?>
<!-- Generated by org.testng.reporters.JUnitReportReporter -->
<testsuite hostname="LTIN497053" failures="0" tests="1" name="com.test.IshaHomes.TestNg" time="31.728" errors="0" timestamp="2025-06-19T13:46:26 IST" skipped="0">
  <testcase classname="com.test.IshaHomes.TestNg" name="run" time="31.728"/>
</testsuite> <!-- com.test.IshaHomes.TestNg -->
