<?xml version="1.0" encoding="UTF-8"?>
<!-- Generated by org.testng.reporters.JUnitReportReporter -->
<testsuite hostname="LTIN497053" failures="0" tests="3" name="com.test.IshaHomes.TestMain" time="5.927" errors="0" timestamp="2025-06-19T15:07:28 IST" skipped="0">
  <testcase classname="com.test.IshaHomes.TestMain" name="navigatingToHomePage" time="1.612"/>
  <testcase classname="com.test.IshaHomes.TestMain" name="navigatingToResultPage" time="0.037"/>
  <testcase classname="com.test.IshaHomes.TestMain" name="navigatingToEnquiry" time="4.278"/>
</testsuite> <!-- com.test.IshaHomes.TestMain -->
