<?xml version="1.0" encoding="UTF-8"?>
<!-- Generated by org.testng.reporters.JUnitReportReporter -->
<testsuite hostname="DESKTOP-14GEP46" failures="0" tests="6" name="testMain.TestMain" time="1702.516" errors="0" timestamp="2025-06-20T12:12:10 IST" skipped="0">
  <testcase classname="testMain.TestMain" name="testMain" time="286.706"/>
  <testcase classname="testMain.TestMain" name="testMain" time="273.441"/>
  <testcase classname="testMain.TestMain" name="testMain" time="318.927"/>
  <testcase classname="testMain.TestMain" name="testMain" time="275.300"/>
  <testcase classname="testMain.TestMain" name="testMain" time="275.285"/>
  <testcase classname="testMain.TestMain" name="testMain" time="272.857"/>
</testsuite> <!-- testMain.TestMain -->
