<?xml version="1.0" encoding="UTF-8"?>
<!-- Generated by org.testng.reporters.JUnitReportReporter -->
<testsuite hostname="DESKTOP-14GEP46" failures="0" tests="1" name="seleniumMiniProject.DemoClass" time="0.010" errors="0" timestamp="2025-06-16T16:03:47 IST" skipped="0">
  <testcase classname="seleniumMiniProject.DemoClass" name="testMethod" time="0.010"/>
</testsuite> <!-- seleniumMiniProject.DemoClass -->
