<?xml version="1.0" encoding="UTF-8"?>
<!-- Generated by org.testng.reporters.JUnitReportReporter -->
<testsuite hostname="LTIN607374" failures="0" tests="2" name="test.main.PepperfryMainTest" time="43.523" errors="0" timestamp="2025-06-20T18:01:33 IST" skipped="0">
  <testcase classname="test.main.PepperfryMainTest" name="testPepperfryWorkflow" time="18.053"/>
  <testcase classname="test.main.PepperfryMainTest" name="testPepperfryWorkflow" time="25.470"/>
</testsuite> <!-- test.main.PepperfryMainTest -->
