<?xml version="1.0" encoding="UTF-8"?>
<!-- Generated by org.testng.reporters.JUnitReportReporter -->
<testsuite hostname="LTIN507772" failures="0" tests="11" name="testRunner.TestRun" time="454.784" errors="0" timestamp="2025-07-16T17:54:38 IST" skipped="1">
  <testcase classname="testRunner.TestRun" name="runScenario" time="34.577"/>
  <testcase classname="testRunner.TestRun" name="runScenario" time="44.885"/>
  <testcase classname="testRunner.TestRun" name="runScenario" time="35.281"/>
  <testcase classname="testRunner.TestRun" name="runScenario" time="33.982"/>
  <testcase classname="testRunner.TestRun" name="runScenario" time="46.080"/>
  <testcase classname="testRunner.TestRun" name="runScenario" time="45.909"/>
  <testcase classname="testRunner.TestRun" name="runScenario" time="54.135"/>
  <testcase classname="testRunner.TestRun" name="runScenario" time="35.129"/>
  <testcase classname="testRunner.TestRun" name="runScenario" time="55.704"/>
  <testcase classname="testRunner.TestRun" name="runScenario" time="34.911">
    <skipped/>
  </testcase> <!-- runScenario -->
  <testcase classname="testRunner.TestRun" name="runScenario" time="34.191"/>
</testsuite> <!-- testRunner.TestRun -->
