<?xml version="1.0" encoding="UTF-8"?>
<!-- Generated by org.testng.reporters.JUnitReportReporter -->
<testsuite hostname="LTIN473413" failures="0" tests="2" name="com.selenium.tests.TestMain" time="38.887" errors="0" timestamp="2025-06-20T16:30:29 IST" skipped="0">
  <testcase classname="com.selenium.tests.TestMain" name="searchNavigation" time="20.219"/>
  <testcase classname="com.selenium.tests.TestMain" name="searchNavigation" time="18.668"/>
</testsuite> <!-- com.selenium.tests.TestMain -->
