<?xml version="1.0" encoding="UTF-8"?>
<!-- Generated by org.testng.reporters.JUnitReportReporter -->
<testsuite hostname="LTIN472951" failures="0" tests="6" name="test.Scenario.TestNG" time="17.627" errors="0" timestamp="2025-07-08T13:29:44 IST" skipped="0">
  <testcase classname="test.Scenario.TestNG" name="navigatingToHomePage" time="5.320"/>
  <testcase classname="test.Scenario.TestNG" name="navigatingToHomePage" time="5.799"/>
  <testcase classname="test.Scenario.TestNG" name="navigatingToResult" time="1.031"/>
  <testcase classname="test.Scenario.TestNG" name="navigatingToResult" time="0.995"/>
  <testcase classname="test.Scenario.TestNG" name="filter" time="2.149"/>
  <testcase classname="test.Scenario.TestNG" name="filter" time="2.333"/>
</testsuite> <!-- test.Scenario.TestNG -->
