<?xml version="1.0" encoding="UTF-8"?>
<!-- Generated by org.testng.reporters.JUnitReportReporter -->
<testsuite hostname="LTIN436702" failures="0" tests="1" name="chapter5.UpdatePriceExistDataVerifyCode200" time="3.149" errors="0" timestamp="2025-07-07T22:16:36 IST" skipped="0">
  <testcase classname="chapter5.UpdatePriceExistDataVerifyCode200" name="verifyStatusCodeForPriceUpdate" time="3.149"/>
  <system-out/>
</testsuite> <!-- chapter5.UpdatePriceExistDataVerifyCode200 -->
