<?xml version="1.0" encoding="UTF-8"?>
<!-- Generated by org.testng.reporters.JUnitReportReporter -->
<testsuite hostname="LTIN436702" failures="0" tests="1" name="chapter4.GetPatchResponseApiRequest" time="2.639" errors="0" timestamp="2025-07-07T12:49:04 IST" skipped="0">
  <testcase classname="chapter4.GetPatchResponseApiRequest" name="patchBookingById" time="2.639"/>
  <system-out/>
</testsuite> <!-- chapter4.GetPatchResponseApiRequest -->
