<?xml version="1.0" encoding="UTF-8"?>
<!-- Generated by org.testng.reporters.JUnitReportReporter -->
<testsuite hostname="LTIN436702" failures="0" tests="1" name="chapter4.GetResponseApiRequest" time="2.507" errors="0" timestamp="2025-07-07T11:58:53 IST" skipped="0">
  <testcase classname="chapter4.GetResponseApiRequest" name="getResponseByApiRequest" time="2.507"/>
  <system-out/>
</testsuite> <!-- chapter4.GetResponseApiRequest -->
