<?xml version="1.0" encoding="UTF-8"?>
<!-- Generated by org.testng.reporters.JUnitReportReporter -->
<testsuite hostname="LTIN436702" failures="0" tests="1" name="chapter4.GetGetResponseApiRequest" time="2.739" errors="0" timestamp="2025-07-07T12:12:20 IST" skipped="0">
  <testcase classname="chapter4.GetGetResponseApiRequest" name="getResponseByApiRequest" time="2.739"/>
  <system-out/>
</testsuite> <!-- chapter4.GetGetResponseApiRequest -->
