<?xml version="1.0" encoding="UTF-8"?>
<!-- Generated by org.testng.reporters.JUnitReportReporter -->
<testsuite hostname="LTIN436702" failures="0" tests="1" name="validate301StatusCodeAssured.StatusCodeTest" time="2.793" errors="0" timestamp="2025-07-07T09:08:54 IST" skipped="0">
  <testcase classname="validate301StatusCodeAssured.StatusCodeTest" name="verifyStatusCode301" time="2.793"/>
  <system-out/>
</testsuite> <!-- validate301StatusCodeAssured.StatusCodeTest -->
