<?xml version="1.0" encoding="UTF-8"?>
<!-- Generated by org.testng.reporters.JUnitReportReporter -->
<testsuite hostname="LTIN436702" failures="0" tests="1" name="chapter4.CreateCollectionApiRequest" time="3.115" errors="0" timestamp="2025-07-07T11:44:26 IST" skipped="0">
  <testcase classname="chapter4.CreateCollectionApiRequest" name="createColletionByApiRequest" time="3.115"/>
  <system-out/>
</testsuite> <!-- chapter4.CreateCollectionApiRequest -->
