<?xml version="1.0" encoding="UTF-8"?>
<!-- Generated by org.testng.reporters.JUnitReportReporter -->
<testsuite hostname="LTIN436702" failures="0" tests="1" name="chapter5.UpdatePriceExistProductPrintUpdatePrice" time="2.607" errors="0" timestamp="2025-07-07T22:31:36 IST" skipped="0">
  <testcase classname="chapter5.UpdatePriceExistProductPrintUpdatePrice" name="updateProductAndPrintPrice" time="2.607"/>
  <system-out/>
</testsuite> <!-- chapter5.UpdatePriceExistProductPrintUpdatePrice -->
