<?xml version="1.0" encoding="UTF-8"?>
<!-- Generated by org.testng.reporters.JUnitReportReporter -->
<testsuite hostname="LTIN436702" failures="0" tests="1" name="verifyResponceGetApi.BasicAuthTest" time="3.601" errors="0" timestamp="2025-07-07T09:09:31 IST" skipped="0">
  <testcase classname="verifyResponceGetApi.BasicAuthTest" name="verifyBasicAuthResponse" time="3.601"/>
  <system-out/>
</testsuite> <!-- verifyResponceGetApi.BasicAuthTest -->
