<?xml version="1.0" encoding="UTF-8"?>
<!-- Generated by org.testng.reporters.JUnitReportReporter -->
<testsuite hostname="LTIN436702" failures="0" tests="1" name="getJsonApiResponseAssured.BookingResponseTest" time="4.729" errors="0" timestamp="2025-07-07T09:07:47 IST" skipped="0">
  <testcase classname="getJsonApiResponseAssured.BookingResponseTest" name="getBookingData" time="4.729"/>
  <system-out/>
</testsuite> <!-- getJsonApiResponseAssured.BookingResponseTest -->
