<?xml version="1.0" encoding="UTF-8"?>
<!-- Generated by org.testng.reporters.JUnitReportReporter -->
<testsuite hostname="LTIN436702" failures="0" tests="1" name="getDoubleQueryParameterApiResponseAssured.DoubleQueryParamTest" time="2.900" errors="0" timestamp="2025-07-07T09:07:32 IST" skipped="0">
  <testcase classname="getDoubleQueryParameterApiResponseAssured.DoubleQueryParamTest" name="getUsersWithDoubleQueryParam" time="2.900"/>
  <system-out/>
</testsuite> <!-- getDoubleQueryParameterApiResponseAssured.DoubleQueryParamTest -->
