<?xml version="1.0" encoding="UTF-8"?>
<!-- Generated by org.testng.reporters.JUnitReportReporter -->
<testsuite hostname="LTIN436702" failures="0" tests="1" name="chapter5.VerifyStatusCode200AddProduct" time="2.212" errors="0" timestamp="2025-07-07T21:49:17 IST" skipped="0">
  <testcase classname="chapter5.VerifyStatusCode200AddProduct" name="verifyStatusCodeForAddProductRequest" time="2.212"/>
  <system-out/>
</testsuite> <!-- chapter5.VerifyStatusCode200AddProduct -->
