<?xml version="1.0" encoding="UTF-8"?>
<!-- Generated by org.testng.reporters.JUnitReportReporter -->
<testsuite hostname="LTIN436702" failures="0" tests="1" name="chapter5.PrintSuccessResponseAddProduct" time="2.951" errors="0" timestamp="2025-07-07T21:51:58 IST" skipped="0">
  <testcase classname="chapter5.PrintSuccessResponseAddProduct" name="printSuccessResponseForAddProduct" time="2.951"/>
  <system-out/>
</testsuite> <!-- chapter5.PrintSuccessResponseAddProduct -->
