<?xml version="1.0" encoding="UTF-8"?>
<!-- Generated by org.testng.reporters.JUnitReportReporter -->
<testsuite hostname="LTIN436702" failures="0" tests="1" name="chapter4.GetDeleteResponseByApiRequest" time="3.030" errors="0" timestamp="2025-07-07T12:53:13 IST" skipped="0">
  <testcase classname="chapter4.GetDeleteResponseByApiRequest" name="deleteBookingById" time="3.030"/>
  <system-out/>
</testsuite> <!-- chapter4.GetDeleteResponseByApiRequest -->
