<?xml version="1.0" encoding="UTF-8"?>
<!-- Generated by org.testng.reporters.JUnitReportReporter -->
<testsuite hostname="LTIN436702" failures="0" tests="1" name="chapter4.GetPutResponseApiRequest" time="2.981" errors="0" timestamp="2025-07-07T12:45:24 IST" skipped="0">
  <testcase classname="chapter4.GetPutResponseApiRequest" name="updateBookingById" time="2.981"/>
  <system-out/>
</testsuite> <!-- chapter4.GetPutResponseApiRequest -->
