<?xml version="1.0" encoding="UTF-8"?>
<!-- Generated by org.testng.reporters.JUnitReportReporter -->
<testsuite hostname="LTIN436702" failures="0" tests="1" name="chapter4.GetValuesEnvironmentVariable" time="2.431" errors="0" timestamp="2025-07-07T14:37:42 IST" skipped="0">
  <testcase classname="chapter4.GetValuesEnvironmentVariable" name="createAndRetrieveUser" time="2.431"/>
  <system-out/>
</testsuite> <!-- chapter4.GetValuesEnvironmentVariable -->
