<?xml version="1.0" encoding="UTF-8"?>
<!-- Generated by org.testng.reporters.JUnitReportReporter -->
<testsuite hostname="LTIN436702" failures="0" tests="1" name="chapter4.GetPostResponseApiRequest" time="2.763" errors="0" timestamp="2025-07-07T12:34:19 IST" skipped="0">
  <testcase classname="chapter4.GetPostResponseApiRequest" name="getPostResponseApiRequest" time="2.763"/>
  <system-out/>
</testsuite> <!-- chapter4.GetPostResponseApiRequest -->
