<?xml version="1.0" encoding="UTF-8"?>
<!-- Generated by org.testng.reporters.JUnitReportReporter -->
<testsuite hostname="LTIN436702" failures="0" tests="1" name="getXmlApiResponseAssured.BookingXmlTest" time="3.298" errors="0" timestamp="2025-07-07T09:08:28 IST" skipped="0">
  <testcase classname="getXmlApiResponseAssured.BookingXmlTest" name="getBookingXmlRespose" time="3.298"/>
  <system-out/>
</testsuite> <!-- getXmlApiResponseAssured.BookingXmlTest -->
