<?xml version="1.0" encoding="UTF-8"?>
<!-- Generated by org.testng.reporters.JUnitReportReporter -->
<testsuite hostname="LTIN436702" failures="0" tests="1" name="chapter4.DataParameterizedCSVPostman" time="4.259" errors="0" timestamp="2025-07-07T21:40:56 IST" skipped="0">
  <testcase classname="chapter4.DataParameterizedCSVPostman" name="dataparameterizedCSV" time="4.259"/>
  <system-out/>
</testsuite> <!-- chapter4.DataParameterizedCSVPostman -->
