<?xml version="1.0" encoding="UTF-8"?>
<!-- Generated by org.testng.reporters.JUnitReportReporter -->
<testsuite hostname="LTIN436702" failures="0" tests="1" name="chapter4.GetGetRepsonseApiRequestBookingId" time="3.352" errors="0" timestamp="2025-07-07T12:43:05 IST" skipped="0">
  <testcase classname="chapter4.GetGetRepsonseApiRequestBookingId" name="getBookingIds" time="3.352"/>
  <system-out/>
</testsuite> <!-- chapter4.GetGetRepsonseApiRequestBookingId -->
