<?xml version="1.0" encoding="UTF-8"?>
<!-- Generated by org.testng.reporters.JUnitReportReporter -->
<testsuite hostname="LTIN436702" failures="0" tests="1" name="chapter3.Validate404StatusCodeAssured" time="5.660" errors="0" timestamp="2025-07-07T21:31:41 IST" skipped="0">
  <testcase classname="chapter3.Validate404StatusCodeAssured" name="varifyStatusCode404" time="5.660"/>
  <system-out/>
</testsuite> <!-- chapter3.Validate404StatusCodeAssured -->
