<?xml version="1.0" encoding="UTF-8"?>
<!-- Generated by org.testng.reporters.JUnitReportReporter -->
<testsuite hostname="LTIN436702" failures="0" tests="1" name="chapter5.UpdateOnlyNameProductVerifyCode200" time="1.930" errors="0" timestamp="2025-07-07T22:37:14 IST" skipped="0">
  <testcase classname="chapter5.UpdateOnlyNameProductVerifyCode200" name="updateProductNameAndVerifyStatusCode" time="1.930"/>
  <system-out/>
</testsuite> <!-- chapter5.UpdateOnlyNameProductVerifyCode200 -->
