<?xml version="1.0" encoding="UTF-8"?>
<!-- Generated by org.testng.reporters.JUnitReportReporter -->
<testsuite hostname="LTIN436702" failures="0" tests="1" name="chapter4.CreateEnvironmentPostmanApiRequest" time="2.459" errors="0" timestamp="2025-07-07T13:40:21 IST" skipped="0">
  <testcase classname="chapter4.CreateEnvironmentPostmanApiRequest" name="createEnvironmentPostman" time="2.459"/>
  <system-out/>
</testsuite> <!-- chapter4.CreateEnvironmentPostmanApiRequest -->
