<?xml version="1.0" encoding="UTF-8"?>
<!-- Generated by org.testng.reporters.JUnitReportReporter -->
<testsuite hostname="LTIN436702" failures="0" tests="1" name="getSingleQueryParameterApiResponseAssured.QueryParamTest" time="2.885" errors="0" timestamp="2025-07-07T09:08:16 IST" skipped="0">
  <testcase classname="getSingleQueryParameterApiResponseAssured.QueryParamTest" name="getUsersPage2" time="2.885"/>
  <system-out/>
</testsuite> <!-- getSingleQueryParameterApiResponseAssured.QueryParamTest -->
