<?xml version="1.0" encoding="UTF-8"?>
<!-- Generated by org.testng.reporters.JUnitReportReporter -->
<testsuite hostname="LTIN607296" failures="0" tests="6" name="test.Main.TestRunner1" time="118.913" errors="0" timestamp="2025-07-07T23:10:08 IST" skipped="0">
  <testcase classname="test.Main.TestRunner1" name="launchAndNavigateToContactForm" time="16.080"/>
  <testcase classname="test.Main.TestRunner1" name="launchAndNavigateToContactForm" time="17.077"/>
  <testcase classname="test.Main.TestRunner1" name="fillFormAndSubmitBeforeMessage" time="57.216"/>
  <testcase classname="test.Main.TestRunner1" name="fillFormAndSubmitBeforeMessage" time="16.389"/>
  <testcase classname="test.Main.TestRunner1" name="submitMessageAndCaptureAfterScreenshot" time="6.083"/>
  <testcase classname="test.Main.TestRunner1" name="submitMessageAndCaptureAfterScreenshot" time="6.068"/>
</testsuite> <!-- test.Main.TestRunner1 -->
