<?xml version="1.0" encoding="UTF-8"?>
<!-- Generated by org.testng.reporters.JUnitReportReporter -->
<testsuite hostname="LTIN483709" failures="0" tests="1" name="CH6_3Test" time="2.804" errors="0" timestamp="2025-07-08T11:17:48 IST" skipped="0">
  <testcase classname="CH6_3Test" name="testUpdateProduct" time="2.804"/>
</testsuite> <!-- CH6_3Test -->
