<?xml version="1.0" encoding="UTF-8"?>
<!-- Generated by org.testng.reporters.JUnitReportReporter -->
<testsuite hostname="LTIN436630" failures="0" tests="6" name="testMain.Rediff_Main_Test" time="66.035" errors="0" timestamp="2025-06-19T15:32:22 IST" skipped="0">
  <testcase classname="testMain.Rediff_Main_Test" name="rediffMainTest" time="13.826"/>
  <testcase classname="testMain.Rediff_Main_Test" name="rediffMainTest" time="11.739"/>
  <testcase classname="testMain.Rediff_Main_Test" name="rediffMainTest" time="11.385"/>
  <testcase classname="testMain.Rediff_Main_Test" name="rediffMainTest" time="10.199"/>
  <testcase classname="testMain.Rediff_Main_Test" name="rediffMainTest" time="9.908"/>
  <testcase classname="testMain.Rediff_Main_Test" name="rediffMainTest" time="8.978"/>
</testsuite> <!-- testMain.Rediff_Main_Test -->
