<?xml version="1.0" encoding="UTF-8"?>
<!-- Generated by org.testng.reporters.JUnitReportReporter -->
<testsuite hostname="LTIN606263" failures="0" tests="2" name="testScenario.FlipKartTest" time="72.164" errors="0" timestamp="2025-07-05T12:16:01 IST" skipped="0">
  <testcase classname="testScenario.FlipKartTest" name="flipkartCartValidationTest" time="37.737"/>
  <testcase classname="testScenario.FlipKartTest" name="flipkartCartValidationTest" time="34.427"/>
</testsuite> <!-- testScenario.FlipKartTest -->
