<?xml version="1.0" encoding="UTF-8"?>
<!-- Generated by org.testng.reporters.JUnitReportReporter -->
<testsuite hostname="LTIN607614" failures="0" tests="1" name="com.test.testfile.TestMain" time="5.333" errors="0" timestamp="2025-07-12T14:43:57 IST" skipped="0">
  <testcase classname="com.test.testfile.TestMain" name="testInvalidLogin" time="5.333"/>
</testsuite> <!-- com.test.testfile.TestMain -->
