<?xml version="1.0" encoding="UTF-8"?>
<!-- Generated by org.testng.reporters.JUnitReportReporter -->
<testsuite hostname="LTIN496454" failures="0" tests="4" name="com.urban.testfile.TC_004_Login" time="63.405" errors="0" timestamp="2025-07-15T15:14:07 IST" skipped="0">
  <testcase classname="com.urban.testfile.TC_004_Login" name="loginTestFromExcel" time="56.752"/>
  <testcase classname="com.urban.testfile.TC_004_Login" name="loginTestFromExcel" time="0.734"/>
  <testcase classname="com.urban.testfile.TC_004_Login" name="loginTestFromExcel" time="0.782"/>
  <testcase classname="com.urban.testfile.TC_004_Login" name="loginTestFromExcel" time="5.137"/>
</testsuite> <!-- com.urban.testfile.TC_004_Login -->
