<?xml version="1.0" encoding="UTF-8"?>
<!-- Generated by org.testng.reporters.JUnitReportReporter -->
<testsuite hostname="LTIN496454" failures="0" tests="1" name="com.urban.testrunner.TestRunner" time="24.322" errors="0" timestamp="2025-07-16T16:46:25 IST" skipped="0">
  <testcase classname="com.urban.testrunner.TestRunner" name="runScenario" time="24.322"/>
</testsuite> <!-- com.urban.testrunner.TestRunner -->
