<?xml version="1.0" encoding="UTF-8"?>
<!-- Generated by org.testng.reporters.JUnitReportReporter -->
<testsuite hostname="LTIN496454" failures="0" tests="1" name="com.urban.testfile.TC_006_AutoSuggestion" time="1.738" errors="0" timestamp="2025-07-15T15:14:07 IST" skipped="0">
  <testcase classname="com.urban.testfile.TC_006_AutoSuggestion" name="testAutoSuggestionsAndExportToExcel" time="1.738"/>
</testsuite> <!-- com.urban.testfile.TC_006_AutoSuggestion -->
