<?xml version="1.0" encoding="UTF-8"?>
<!-- Generated by org.testng.reporters.JUnitReportReporter -->
<testsuite hostname="LTIN507684" failures="0" tests="2" name="com.xlreading.OrangeHRMJobTitleTest" time="19.603" errors="0" timestamp="2025-06-30T18:42:07 IST" skipped="0">
  <testcase classname="com.xlreading.OrangeHRMJobTitleTest" name="testAddJobTitle" time="9.896"/>
  <testcase classname="com.xlreading.OrangeHRMJobTitleTest" name="testAddJobTitle" time="9.707"/>
</testsuite> <!-- com.xlreading.OrangeHRMJobTitleTest -->
