<?xml version="1.0" encoding="UTF-8"?>
<!-- Generated by org.testng.reporters.JUnitReportReporter -->
<testsuite hostname="LTIN588794" failures="0" tests="1" name="com.rest.assured.verify" time="3.155" errors="0" timestamp="2025-07-05T19:38:06 IST" skipped="0">
  <testcase classname="com.rest.assured.verify" name="testSchemaMismatch" time="3.155"/>
</testsuite> <!-- com.rest.assured.verify -->
