<?xml version="1.0" encoding="UTF-8"?>
<!-- Generated by org.testng.reporters.JUnitReportReporter -->
<testsuite hostname="LTIN472878" failures="0" tests="2" name="com.selenium.mainTest.TestMain" time="30.736" errors="0" timestamp="2025-06-20T19:33:19 IST" skipped="0">
  <testcase classname="com.selenium.mainTest.TestMain" name="radiff" time="16.442"/>
  <testcase classname="com.selenium.mainTest.TestMain" name="radiff" time="14.294"/>
</testsuite> <!-- com.selenium.mainTest.TestMain -->
