<?xml version="1.0" encoding="UTF-8"?>
<!-- Generated by org.testng.reporters.JUnitReportReporter -->
<testsuite hostname="LTIN542754" failures="0" tests="6" name="com.test.TestScenario.AlertPromptConfirm" time="4.539" errors="0" timestamp="2025-07-07T14:20:40 IST" skipped="0">
  <testcase classname="com.test.TestScenario.AlertPromptConfirm" name="testAlertWithOk" time="0.886"/>
  <testcase classname="com.test.TestScenario.AlertPromptConfirm" name="testAlertWithOk" time="0.627"/>
  <testcase classname="com.test.TestScenario.AlertPromptConfirm" name="testAlertWithOkCancel" time="0.810"/>
  <testcase classname="com.test.TestScenario.AlertPromptConfirm" name="testAlertWithOkCancel" time="0.539"/>
  <testcase classname="com.test.TestScenario.AlertPromptConfirm" name="testAlertWithTextBox" time="0.670"/>
  <testcase classname="com.test.TestScenario.AlertPromptConfirm" name="testAlertWithTextBox" time="1.007"/>
</testsuite> <!-- com.test.TestScenario.AlertPromptConfirm -->
