<?xml version="1.0" encoding="UTF-8"?>
<!-- Generated by org.testng.reporters.JUnitReportReporter -->
<testsuite hostname="LTIN606687" failures="0" tests="1" name="testScenario.TestMainFKTest" time="32.984" errors="0" timestamp="2025-06-18T11:58:15 IST" skipped="0">
  <testcase classname="testScenario.TestMainFKTest" name="FlipKartTest" time="32.984"/>
</testsuite> <!-- testScenario.TestMainFKTest -->
