<?xml version="1.0" encoding="UTF-8"?>
<!-- Generated by org.testng.reporters.JUnitReportReporter -->
<testsuite hostname="LTIN578295" failures="0" tests="2" name="testScenario.FlipKartTest" time="80.356" errors="0" timestamp="2025-07-07T18:40:51 IST" skipped="0">
  <testcase classname="testScenario.FlipKartTest" name="flipkartCartValidationTest" time="38.981"/>
  <testcase classname="testScenario.FlipKartTest" name="flipkartCartValidationTest" time="41.375"/>
</testsuite> <!-- testScenario.FlipKartTest -->
