<?xml version="1.0" encoding="UTF-8"?>
<!-- Generated by org.testng.reporters.JUnitReportReporter -->
<testsuite hostname="LTIN576385" failures="0" tests="2" name="testMain.TestMain" time="358.289" errors="0" timestamp="2025-07-02T14:52:25 IST" skipped="0">
  <testcase classname="testMain.TestMain" name="testMain" time="157.022"/>
  <testcase classname="testMain.TestMain" name="testMain" time="201.267"/>
</testsuite> <!-- testMain.TestMain -->
