<?xml version="1.0" encoding="UTF-8"?>
<!-- Generated by org.testng.reporters.JUnitReportReporter -->
<testsuite hostname="LTIN578827" failures="0" tests="2" name="com.xlreading.OrangeHRMJobTitleTest" time="19.048" errors="0" timestamp="2025-06-20T17:51:22 IST" skipped="0">
  <testcase classname="com.xlreading.OrangeHRMJobTitleTest" name="testAddJobTitle" time="9.296"/>
  <testcase classname="com.xlreading.OrangeHRMJobTitleTest" name="testAddJobTitle" time="9.752"/>
</testsuite> <!-- com.xlreading.OrangeHRMJobTitleTest -->
