<?xml version="1.0" encoding="UTF-8"?>
<!-- Generated by org.testng.reporters.JUnitReportReporter -->
<testsuite hostname="LTIN507684" failures="0" tests="2" name="testRunner.TestRunner_TestNG" time="313.369" errors="0" timestamp="2025-07-15T17:16:38 IST" skipped="0">
  <testcase classname="testRunner.TestRunner_TestNG" name="runScenario" time="175.341"/>
  <testcase classname="testRunner.TestRunner_TestNG" name="runScenario" time="138.028"/>
</testsuite> <!-- testRunner.TestRunner_TestNG -->
