<?xml version="1.0" encoding="UTF-8"?>
<!-- Generated by org.testng.reporters.JUnitReportReporter -->
<testsuite hostname="LTIN507684" failures="0" tests="10" name="testCases.TestMain" time="99.688" errors="0" timestamp="2025-07-16T14:31:45 IST" skipped="0">
  <testcase classname="testCases.TestMain" name="loadLandingPage" time="0.154"/>
  <testcase classname="testCases.TestMain" name="verifyHomeLoan" time="2.788"/>
  <testcase classname="testCases.TestMain" name="verifyPersonalLoan" time="2.645"/>
  <testcase classname="testCases.TestMain" name="verifyCarLoan" time="41.593"/>
  <testcase classname="testCases.TestMain" name="verifyHomeLoanEMI" time="1.998"/>
  <testcase classname="testCases.TestMain" name="retrieveYearTable" time="43.313"/>
  <testcase classname="testCases.TestMain" name="checkEMICalculatorUI" time="1.771"/>
  <testcase classname="testCases.TestMain" name="checkLoanAmountUI" time="2.330"/>
  <testcase classname="testCases.TestMain" name="checkLoanTenureUI" time="1.695"/>
  <testcase classname="testCases.TestMain" name="checkInterestRateUI" time="1.401"/>
</testsuite> <!-- testCases.TestMain -->
