<?xml version="1.0" encoding="UTF-8"?>
<!-- Generated by org.testng.reporters.JUnitReportReporter -->
<testsuite hostname="LTIN507684" failures="0" tests="1" name="testCases.TC001_FindCarEMITest" time="2.452" errors="0" timestamp="2025-07-02T11:19:55 IST" skipped="0">
  <testcase classname="testCases.TC001_FindCarEMITest" name="verifyCarLoan" time="2.452"/>
</testsuite> <!-- testCases.TC001_FindCarEMITest -->
