<?xml version="1.0" encoding="UTF-8"?>
<!-- Generated by org.testng.reporters.JUnitReportReporter -->
<testsuite hostname="LTIN568258" failures="0" tests="18" name="testRunner.TestNGTestRunner" time="351.001" errors="0" timestamp="2025-07-16T16:35:56 IST" skipped="5">
  <testcase classname="testRunner.TestNGTestRunner" name="runScenario" time="15.823"/>
  <testcase classname="testRunner.TestNGTestRunner" name="runScenario" time="24.996"/>
  <testcase classname="testRunner.TestNGTestRunner" name="runScenario" time="34.804"/>
  <testcase classname="testRunner.TestNGTestRunner" name="runScenario" time="11.556"/>
  <testcase classname="testRunner.TestNGTestRunner" name="runScenario" time="19.091">
    <skipped/>
  </testcase> <!-- runScenario -->
  <testcase classname="testRunner.TestNGTestRunner" name="runScenario" time="18.711">
    <skipped/>
  </testcase> <!-- runScenario -->
  <testcase classname="testRunner.TestNGTestRunner" name="runScenario" time="20.159"/>
  <testcase classname="testRunner.TestNGTestRunner" name="runScenario" time="8.420"/>
  <testcase classname="testRunner.TestNGTestRunner" name="runScenario" time="23.713"/>
  <testcase classname="testRunner.TestNGTestRunner" name="runScenario" time="17.290"/>
  <testcase classname="testRunner.TestNGTestRunner" name="runScenario" time="10.686"/>
  <testcase classname="testRunner.TestNGTestRunner" name="runScenario" time="19.158">
    <skipped/>
  </testcase> <!-- runScenario -->
  <testcase classname="testRunner.TestNGTestRunner" name="runScenario" time="23.213"/>
  <testcase classname="testRunner.TestNGTestRunner" name="runScenario" time="12.139"/>
  <testcase classname="testRunner.TestNGTestRunner" name="runScenario" time="30.089"/>
  <testcase classname="testRunner.TestNGTestRunner" name="runScenario" time="18.873">
    <skipped/>
  </testcase> <!-- runScenario -->
  <testcase classname="testRunner.TestNGTestRunner" name="runScenario" time="22.254">
    <skipped/>
  </testcase> <!-- runScenario -->
  <testcase classname="testRunner.TestNGTestRunner" name="runScenario" time="20.026"/>
</testsuite> <!-- testRunner.TestNGTestRunner -->
