<?xml version="1.0" encoding="UTF-8"?>
<!-- Generated by org.testng.reporters.JUnitReportReporter -->
<testsuite hostname="LTIN437726" failures="0" tests="1" name="tests.DataDrivenPostTest" time="4.079" errors="0" timestamp="2025-07-08T15:32:37 IST" skipped="0">
  <testcase classname="tests.DataDrivenPostTest" name="postingCSVData" time="4.079"/>
</testsuite> <!-- tests.DataDrivenPostTest -->
