<?xml version="1.0" encoding="UTF-8"?>
<!-- Generated by org.testng.reporters.JUnitReportReporter -->
<testsuite hostname="LTIN437726" failures="0" tests="1" name="tests.UpdateProductNameTest" time="5.498" errors="0" timestamp="2025-07-08T17:34:48 IST" skipped="0">
  <testcase classname="tests.UpdateProductNameTest" name="updateProductNameAndVerifyStatusCode" time="5.498"/>
</testsuite> <!-- tests.UpdateProductNameTest -->
