<?xml version="1.0" encoding="UTF-8"?>
<!-- Generated by org.testng.reporters.JUnitReportReporter -->
<testsuite hostname="LTIN437726" failures="0" tests="1" name="tests.UpdateProductTest" time="6.192" errors="0" timestamp="2025-07-08T16:04:52 IST" skipped="0">
  <testcase classname="tests.UpdateProductTest" name="createThenUpdateProduct" time="6.192"/>
</testsuite> <!-- tests.UpdateProductTest -->
