<?xml version="1.0" encoding="UTF-8"?>
<!-- Generated by org.testng.reporters.JUnitReportReporter -->
<testsuite hostname="LTIN437726" failures="0" tests="1" name="tests.JsonPlaceholderPostTest" time="4.370" errors="0" timestamp="2025-07-08T12:22:15 IST" skipped="0">
  <testcase classname="tests.JsonPlaceholderPostTest" name="createNewPost" time="4.370"/>
</testsuite> <!-- tests.JsonPlaceholderPostTest -->
