<?xml version="1.0" encoding="UTF-8"?>
<!-- Generated by org.testng.reporters.JUnitReportReporter -->
<testsuite hostname="LTIN437726" failures="0" tests="1" name="BookingXMLTest" time="5.691" errors="0" timestamp="2025-07-07T17:32:07 IST" skipped="0">
  <testcase classname="BookingXMLTest" name="getBookingDetailsInXML" time="5.691"/>
</testsuite> <!-- BookingXMLTest -->
