<?xml version="1.0" encoding="UTF-8"?>
<!-- Generated by org.testng.reporters.JUnitReportReporter -->
<testsuite hostname="LTIN437726" failures="0" tests="1" name="tests.PostmanEnvironmentAutomation" time="3.894" errors="0" timestamp="2025-07-08T10:46:46 IST" skipped="0">
  <testcase classname="tests.PostmanEnvironmentAutomation" name="createEnvironment" time="3.894"/>
</testsuite> <!-- tests.PostmanEnvironmentAutomation -->
