<?xml version="1.0" encoding="UTF-8"?>
<!-- Generated by org.testng.reporters.JUnitReportReporter -->
<testsuite hostname="LTIN437726" failures="0" tests="1" name="AuthApiRequest" time="4.138" errors="0" timestamp="2025-07-07T22:23:45 IST" skipped="0">
  <testcase classname="AuthApiRequest" name="getAuthEndpointResponse" time="4.138"/>
</testsuite> <!-- AuthApiRequest -->
