<?xml version="1.0" encoding="UTF-8"?>
<!-- Generated by org.testng.reporters.JUnitReportReporter -->
<testsuite hostname="LTIN437726" failures="0" tests="1" name="tests.UpdateAndPrintPriceTest" time="3.609" errors="0" timestamp="2025-07-08T16:10:42 IST" skipped="0">
  <testcase classname="tests.UpdateAndPrintPriceTest" name="updateProductAndPrintPrice" time="3.609"/>
</testsuite> <!-- tests.UpdateAndPrintPriceTest -->
