<?xml version="1.0" encoding="UTF-8"?>
<!-- Generated by org.testng.reporters.JUnitReportReporter -->
<testsuite hostname="LTIN607229" failures="0" tests="2" name="com.TestScenario.TestMain" time="12.701" errors="0" timestamp="2025-07-02T11:53:19 IST" skipped="0">
  <testcase classname="com.TestScenario.TestMain" name="testFlightSearch" time="5.785"/>
  <testcase classname="com.TestScenario.TestMain" name="testFlightSearch" time="6.916"/>
</testsuite> <!-- com.TestScenario.TestMain -->
