<?xml version="1.0" encoding="UTF-8"?>
<!-- Generated by org.testng.reporters.JUnitReportReporter -->
<testsuite hostname="LTIN459219" failures="0" tests="2" name="com.selenium.tests.TestMain" time="40.447" errors="0" timestamp="2025-07-07T15:24:30 IST" skipped="0">
  <testcase classname="com.selenium.tests.TestMain" name="searchNavigation" time="20.813"/>
  <testcase classname="com.selenium.tests.TestMain" name="searchNavigation" time="19.634"/>
</testsuite> <!-- com.selenium.tests.TestMain -->
