<?xml version="1.0" encoding="UTF-8"?>
<!-- Generated by org.testng.reporters.JUnitReportReporter -->
<testsuite hostname="LTIN453391" failures="0" tests="2" name="testCases.TC001_SearchResultSortingTest" time="16.301" errors="0" timestamp="2025-07-02T22:53:50 IST" skipped="0">
  <testcase classname="testCases.TC001_SearchResultSortingTest" name="booksSearchPage" time="9.485"/>
  <testcase classname="testCases.TC001_SearchResultSortingTest" name="booksSearchPage" time="6.816"/>
</testsuite> <!-- testCases.TC001_SearchResultSortingTest -->
